::1 - - [07/Apr/2020:10:39:30 +0000] "DELETE /api/v1/categories/5 HTTP/1.1" 200 73 "-" "PostmanRuntime/7.24.0"
::1 - - [07/Apr/2020:10:39:35 +0000] "GET /api/v1/categories/5 HTTP/1.1" 200 88 "-" "PostmanRuntime/7.24.0"
::1 - - [07/Apr/2020:10:39:37 +0000] "POST /api/v1/categories/5 HTTP/1.1" 404 159 "-" "PostmanRuntime/7.24.0"
::1 - - [07/Apr/2020:10:57:48 +0000] "GET /api/v1/categories HTTP/1.1" 200 109 "-" "PostmanRuntime/7.24.0"
::1 - - [07/Apr/2020:11:00:44 +0000] "GET /api/v1/categories/11 HTTP/1.1" 200 89 "-" "PostmanRuntime/7.24.0"
::1 - - [07/Apr/2020:11:03:02 +0000] "GET /api/v1/categories HTTP/1.1" 200 109 "-" "PostmanRuntime/7.24.0"
::1 - - [07/Apr/2020:11:18:04 +0000] "GET /api/v1/categories HTTP/1.1" 200 109 "-" "PostmanRuntime/7.24.0"
::1 - - [07/Apr/2020:11:19:30 +0000] "GET /api/v1/categories/12 HTTP/1.1" 200 89 "-" "PostmanRuntime/7.24.0"
::1 - - [07/Apr/2020:11:20:14 +0000] "POST /api/v1/categories HTTP/1.1" 200 68 "-" "PostmanRuntime/7.24.0"
::1 - - [07/Apr/2020:11:20:40 +0000] "PUT /api/v1/categories/1 HTTP/1.1" 200 75 "-" "PostmanRuntime/7.24.0"
::1 - - [07/Apr/2020:11:21:18 +0000] "GET /api/v1/categories/12 HTTP/1.1" 200 89 "-" "PostmanRuntime/7.24.0"
::1 - - [07/Apr/2020:11:21:22 +0000] "PUT /api/v1/categories/1 HTTP/1.1" 200 75 "-" "PostmanRuntime/7.24.0"
::1 - - [07/Apr/2020:11:21:28 +0000] "GET /api/v1/categories HTTP/1.1" 200 109 "-" "PostmanRuntime/7.24.0"
::1 - - [07/Apr/2020:11:25:11 +0000] "DELETE /api/v1/categories/23 HTTP/1.1" 200 74 "-" "PostmanRuntime/7.24.0"
::1 - - [07/Apr/2020:11:26:25 +0000] "PUT /api/v1/categories/1 HTTP/1.1" 200 75 "-" "PostmanRuntime/7.24.0"
::1 - - [09/Apr/2020:10:53:47 +0000] "GET / HTTP/1.1" 404 139 "-" "Mozilla/5.0 (Windows NT 10.0; Win64; x64) AppleWebKit/537.36 (KHTML, like Gecko) Chrome/80.0.3987.163 Safari/537.36"
::1 - - [10/Apr/2020:08:25:04 +0000] "GET /api/v1/categories HTTP/1.1" 200 109 "-" "PostmanRuntime/7.24.0"
::1 - - [10/Apr/2020:08:59:00 +0000] "POST /api/v1/categories HTTP/1.1" 200 68 "-" "PostmanRuntime/7.24.0"
::1 - - [10/Apr/2020:09:07:28 +0000] "POST /api/v1/categories HTTP/1.1" 200 68 "-" "PostmanRuntime/7.24.0"
::1 - - [10/Apr/2020:09:11:06 +0000] "POST /api/v1/categories HTTP/1.1" 200 68 "-" "PostmanRuntime/7.24.0"
::1 - - [10/Apr/2020:09:11:48 +0000] "POST /api/v1/categories HTTP/1.1" 200 68 "-" "PostmanRuntime/7.24.0"
::1 - - [10/Apr/2020:09:16:37 +0000] "POST /api/v1/categories HTTP/1.1" 400 553 "-" "PostmanRuntime/7.24.0"
::1 - - [10/Apr/2020:09:18:03 +0000] "POST /api/v1/categories HTTP/1.1" 200 270 "-" "PostmanRuntime/7.24.0"
::1 - - [10/Apr/2020:09:20:05 +0000] "POST /api/v1/categories HTTP/1.1" 400 279 "-" "PostmanRuntime/7.24.0"
::1 - - [10/Apr/2020:09:21:01 +0000] "POST /api/v1/categories HTTP/1.1" 400 664 "-" "PostmanRuntime/7.24.0"
::1 - - [10/Apr/2020:09:21:53 +0000] "POST /api/v1/categories HTTP/1.1" 200 270 "-" "PostmanRuntime/7.24.0"
::1 - - [10/Apr/2020:09:31:48 +0000] "GET /api/v1/categories HTTP/1.1" 200 519 "-" "PostmanRuntime/7.24.0"
::1 - - [10/Apr/2020:09:33:50 +0000] "GET /api/v1/categories/3333 HTTP/1.1" 200 91 "-" "PostmanRuntime/7.24.0"
::1 - - [10/Apr/2020:09:37:54 +0000] "GET /api/v1/categories/3333 HTTP/1.1" 400 205 "-" "PostmanRuntime/7.24.0"
::1 - - [10/Apr/2020:09:38:07 +0000] "GET /api/v1/categories HTTP/1.1" 200 519 "-" "PostmanRuntime/7.24.0"
::1 - - [10/Apr/2020:09:38:18 +0000] "GET /api/v1/categories/5e9039cb73ad354cb0b20cca HTTP/1.1" 200 270 "-" "PostmanRuntime/7.24.0"
::1 - - [10/Apr/2020:09:38:41 +0000] "GET /api/v1/categories/5e9039cb73ad354cb0b20cc1 HTTP/1.1" 200 28 "-" "PostmanRuntime/7.24.0"
::1 - - [10/Apr/2020:09:41:27 +0000] "GET /api/v1/categories/5e9039cb73ad354cb0b20cc1 HTTP/1.1" 400 95 "-" "PostmanRuntime/7.24.0"
::1 - - [10/Apr/2020:09:41:38 +0000] "GET /api/v1/categories/5e9039cb73ad354cb0b20cca HTTP/1.1" 200 270 "-" "PostmanRuntime/7.24.0"
::1 - - [10/Apr/2020:09:56:55 +0000] "GET /api/v1/categories/5e9039cb73ad354cb0b20cca HTTP/1.1" 200 270 "-" "PostmanRuntime/7.24.0"
::1 - - [10/Apr/2020:09:56:59 +0000] "GET /api/v1/categories/5e9039cb73ad354cb0b20cc1 HTTP/1.1" 400 95 "-" "PostmanRuntime/7.24.0"
::1 - - [10/Apr/2020:09:57:03 +0000] "GET /api/v1/categories/5e9039cb73ad354cb0b20cca HTTP/1.1" 400 95 "-" "PostmanRuntime/7.24.0"
::1 - - [10/Apr/2020:09:57:10 +0000] "GET /api/v1/categories/5e9039cb73ad354cb0b20cca HTTP/1.1" 400 95 "-" "PostmanRuntime/7.24.0"
::1 - - [10/Apr/2020:09:57:21 +0000] "GET /api/v1/categories/5e9039cb73ad354cb0b20cca HTTP/1.1" 400 95 "-" "PostmanRuntime/7.24.0"
::1 - - [10/Apr/2020:09:57:30 +0000] "GET /api/v1/categories/5e9039cb73ad354cb0b20cca HTTP/1.1" 400 95 "-" "PostmanRuntime/7.24.0"
::1 - - [10/Apr/2020:09:57:31 +0000] "GET /api/v1/categories/5e9039cb73ad354cb0b20cca HTTP/1.1" 400 95 "-" "PostmanRuntime/7.24.0"
::1 - - [10/Apr/2020:09:58:20 +0000] "GET /api/v1/categories HTTP/1.1" 200 272 "-" "PostmanRuntime/7.24.0"
::1 - - [10/Apr/2020:09:58:36 +0000] "POST /api/v1/categories HTTP/1.1" 200 272 "-" "PostmanRuntime/7.24.0"
::1 - - [10/Apr/2020:09:58:39 +0000] "GET /api/v1/categories HTTP/1.1" 200 521 "-" "PostmanRuntime/7.24.0"
::1 - - [10/Apr/2020:09:58:50 +0000] "GET /api/v1/categories/5e90434cd433fa11b078ed8a HTTP/1.1" 200 272 "-" "PostmanRuntime/7.24.0"
::1 - - [10/Apr/2020:10:01:21 +0000] "DELETE /api/v1/categories/23 HTTP/1.1" 200 74 "-" "PostmanRuntime/7.24.0"
::1 - - [10/Apr/2020:10:05:26 +0000] "GET /api/v1/categories HTTP/1.1" 200 521 "-" "PostmanRuntime/7.24.0"
::1 - - [10/Apr/2020:10:05:38 +0000] "DELETE /api/v1/categories/5e903ab0a6be03215ca50703 HTTP/1.1" 200 270 "-" "PostmanRuntime/7.24.0"
::1 - - [10/Apr/2020:10:06:00 +0000] "GET /api/v1/categories HTTP/1.1" 200 274 "-" "PostmanRuntime/7.24.0"
::1 - - [10/Apr/2020:10:06:10 +0000] "DELETE /api/v1/categories/32423 HTTP/1.1" 400 208 "-" "PostmanRuntime/7.24.0"
::1 - - [10/Apr/2020:10:06:39 +0000] "DELETE /api/v1/categories/5e90434cd433fa11b078ed83 HTTP/1.1" 400 95 "-" "PostmanRuntime/7.24.0"
::1 - - [10/Apr/2020:10:06:48 +0000] "DELETE /api/v1/categories/5e90434cd433fa11b078ed8 HTTP/1.1" 400 262 "-" "PostmanRuntime/7.24.0"
::1 - - [10/Apr/2020:10:13:11 +0000] "PUT /api/v1/categories/1 HTTP/1.1" 400 196 "-" "PostmanRuntime/7.24.0"
::1 - - [10/Apr/2020:10:13:42 +0000] "PUT /api/v1/categories/5e90434cd433fa11b078ed8a HTTP/1.1" 200 261 "-" "PostmanRuntime/7.24.0"
::1 - - [10/Apr/2020:10:14:11 +0000] "GET /api/v1/categories HTTP/1.1" 200 263 "-" "PostmanRuntime/7.24.0"
::1 - - [10/Apr/2020:10:14:42 +0000] "PUT /api/v1/categories/5e90434cd433fa11b078ed8a HTTP/1.1" 200 268 "-" "PostmanRuntime/7.24.0"
::1 - - [10/Apr/2020:10:15:02 +0000] "PUT /api/v1/categories/5e90434cd433fa11b078ed8a HTTP/1.1" 400 1115 "-" "PostmanRuntime/7.24.0"
::1 - - [10/Apr/2020:10:15:16 +0000] "PUT /api/v1/categories/5e90434cd433fa11b078ed8a HTTP/1.1" 200 268 "-" "PostmanRuntime/7.24.0"
::1 - - [10/Apr/2020:10:15:31 +0000] "PUT /api/v1/categories/5e90434cd433fa11b078ed8a HTTP/1.1" 200 269 "-" "PostmanRuntime/7.24.0"
::1 - - [10/Apr/2020:10:15:43 +0000] "PUT /api/v1/categories/5e90434cd433fa11b078ed8a HTTP/1.1" 200 268 "-" "PostmanRuntime/7.24.0"
::1 - - [10/Apr/2020:10:15:48 +0000] "PUT /api/v1/categories/5e90434cd433fa11b078ed85 HTTP/1.1" 400 95 "-" "PostmanRuntime/7.24.0"
::1 - - [10/Apr/2020:10:15:53 +0000] "PUT /api/v1/categories/5e90434cd433fa11b078ed8a HTTP/1.1" 200 268 "-" "PostmanRuntime/7.24.0"
::1 - - [10/Apr/2020:10:16:37 +0000] "POST /api/v1/categories HTTP/1.1" 200 258 "-" "PostmanRuntime/7.24.0"
::1 - - [10/Apr/2020:10:16:42 +0000] "GET /api/v1/categories HTTP/1.1" 200 505 "-" "PostmanRuntime/7.24.0"
::1 - - [10/Apr/2020:10:18:37 +0000] "POST /api/v1/categories HTTP/1.1" 200 235 "-" "PostmanRuntime/7.24.0"
::1 - - [11/Apr/2020:10:10:39 +0000] "GET /api/v1/categories/5e90434cd433fa11b078ed8a HTTP/1.1" 200 268 "-" "PostmanRuntime/7.24.1"
::1 - - [11/Apr/2020:10:10:46 +0000] "GET /api/v1/categories/5e90434cd433fa11b078ed8213 HTTP/1.1" 500 692 "-" "PostmanRuntime/7.24.1"
::1 - - [11/Apr/2020:10:18:08 +0000] "GET /api/v1/categories/5e90434cd433fa11b078ed8a HTTP/1.1" 200 268 "-" "PostmanRuntime/7.24.1"
::1 - - [11/Apr/2020:10:18:14 +0000] "GET /api/v1/categories/5e90434cd433fa11b078ed8add HTTP/1.1" 500 131 "-" "PostmanRuntime/7.24.1"
::1 - - [11/Apr/2020:10:18:40 +0000] "GET /api/v1/categories/5e90434cd433fa11b078ed8add HTTP/1.1" 500 131 "-" "PostmanRuntime/7.24.1"
::1 - - [11/Apr/2020:10:18:53 +0000] "GET /api/v1/categories/5e90434cd433fa11b078ed8add HTTP/1.1" 500 131 "-" "PostmanRuntime/7.24.1"
::1 - - [11/Apr/2020:10:21:03 +0000] "DELETE /api/v1/categories/5e90434cd433fa11b078ed5 HTTP/1.1" 500 128 "-" "PostmanRuntime/7.24.1"
::1 - - [11/Apr/2020:11:02:02 +0000] "DELETE /api/v1/categories/5e90434cd433fa11b078ed5 HTTP/1.1" 500 128 "-" "PostmanRuntime/7.24.1"
::1 - - [11/Apr/2020:11:03:10 +0000] "GET /api/v1/categories HTTP/1.1" 200 717 "-" "PostmanRuntime/7.24.1"
::1 - - [11/Apr/2020:11:03:23 +0000] "GET /api/v1/categories/5e90434cd433fa11b078ed8a HTTP/1.1" 200 268 "-" "PostmanRuntime/7.24.1"
::1 - - [11/Apr/2020:11:03:36 +0000] "GET /api/v1/categories/5e90434cd433fa11b078ed8b HTTP/1.1" 400 95 "-" "PostmanRuntime/7.24.1"
::1 - - [11/Apr/2020:11:03:49 +0000] "GET /api/v1/categories/5e90434cd433fa11b078ed8b HTTP/1.1" 400 103 "-" "PostmanRuntime/7.24.1"
::1 - - [11/Apr/2020:11:04:34 +0000] "GET /api/v1/categories/5e90434cd433fa11b078ed8b HTTP/1.1" 401 103 "-" "PostmanRuntime/7.24.1"
::1 - - [11/Apr/2020:11:07:11 +0000] "GET /api/v1/categories/5e90434cd433fa11b078ed8b HTTP/1.1" 400 114 "-" "PostmanRuntime/7.24.1"
::1 - - [11/Apr/2020:11:38:09 +0000] "GET /api/v1/categories/5e90434cd433fa11b078ed8b HTTP/1.1" 400 114 "-" "PostmanRuntime/7.24.1"
::1 - - [11/Apr/2020:11:45:10 +0000] "GET /api/v1/categories/5e90434cd433fa11b078ed8a HTTP/1.1" 200 268 "-" "PostmanRuntime/7.24.1"
::1 - - [11/Apr/2020:11:45:17 +0000] "GET /api/v1/categories/5e90434cd433fa11b078ed8b HTTP/1.1" 403 106 "-" "PostmanRuntime/7.24.1"
::1 - - [11/Apr/2020:11:48:24 +0000] "GET /api/v1/categories/5e90434cd433fa11b078ed8b HTTP/1.1" 403 106 "-" "PostmanRuntime/7.24.1"
::1 - - [11/Apr/2020:11:48:44 +0000] "GET /api/v1/categories/5e90434cd433fa11b078ed8b HTTP/1.1" 400 106 "-" "PostmanRuntime/7.24.1"
::1 - - [11/Apr/2020:11:53:09 +0000] "GET /api/v1/categories/5e90434cd433fa11b078ed8basdf HTTP/1.1" 500 144 "-" "PostmanRuntime/7.24.1"
::1 - - [11/Apr/2020:11:54:13 +0000] "GET /api/v1/categories/5e90434cd433fa11b078ed8basdf HTTP/1.1" 500 144 "-" "PostmanRuntime/7.24.1"
::1 - - [11/Apr/2020:11:54:47 +0000] "GET /api/v1/categories/5e90434cd433fa11b078ed8basdf HTTP/1.1" 500 144 "-" "PostmanRuntime/7.24.1"
::1 - - [11/Apr/2020:11:59:44 +0000] "POST /api/v1/categories HTTP/1.1" 500 220 "-" "PostmanRuntime/7.24.1"
::1 - - [11/Apr/2020:12:02:25 +0000] "GET /api/v1/categories/5e90434cd433fa11b078ed8basdf HTTP/1.1" 500 144 "-" "PostmanRuntime/7.24.1"
::1 - - [11/Apr/2020:12:02:33 +0000] "GET /api/v1/categories/5e90434cd433fa11b078ed8 HTTP/1.1" 500 139 "-" "PostmanRuntime/7.24.1"
::1 - - [11/Apr/2020:12:02:42 +0000] "GET /api/v1/categories/5e90434cd433fa11b078ed8a HTTP/1.1" 200 268 "-" "PostmanRuntime/7.24.1"
::1 - - [11/Apr/2020:12:02:46 +0000] "GET /api/v1/categories/5e90434cd433fa11b078ed8b HTTP/1.1" 400 106 "-" "PostmanRuntime/7.24.1"
::1 - - [11/Apr/2020:12:04:25 +0000] "GET /api/v1/categories/5e90434cd433fa11b078ed8a HTTP/1.1" 200 268 "-" "PostmanRuntime/7.24.1"
::1 - - [11/Apr/2020:12:04:33 +0000] "GET /api/v1/categories/5e90434cd433fa11b078ed8add HTTP/1.1" 500 142 "-" "PostmanRuntime/7.24.1"
::1 - - [11/Apr/2020:12:06:31 +0000] "GET /api/v1/categories/5e90434cd433fa11b078ed8add HTTP/1.1" 400 91 "-" "PostmanRuntime/7.24.1"
::1 - - [11/Apr/2020:12:07:09 +0000] "POST /api/v1/categories HTTP/1.1" 500 209 "-" "PostmanRuntime/7.24.1"
::1 - - [11/Apr/2020:12:10:45 +0000] "POST /api/v1/categories HTTP/1.1" 500 858 "-" "PostmanRuntime/7.24.1"
::1 - - [11/Apr/2020:12:11:13 +0000] "GET /api/v1/categories/5e90434cd433fa11b078ed8add HTTP/1.1" 400 237 "-" "PostmanRuntime/7.24.1"
::1 - - [11/Apr/2020:12:11:39 +0000] "GET /api/v1/categories/5e90434cd433fa11b078ed8add HTTP/1.1" 400 237 "-" "PostmanRuntime/7.24.1"
::1 - - [11/Apr/2020:12:11:46 +0000] "POST /api/v1/categories HTTP/1.1" 500 858 "-" "PostmanRuntime/7.24.1"
::1 - - [11/Apr/2020:12:13:04 +0000] "POST /api/v1/categories HTTP/1.1" 500 209 "-" "PostmanRuntime/7.24.1"
::1 - - [11/Apr/2020:12:14:56 +0000] "POST /api/v1/categories HTTP/1.1" 500 858 "-" "PostmanRuntime/7.24.1"
::1 - - [11/Apr/2020:12:15:56 +0000] "GET /api/v1/categories/5e90434cd433fa11b078ed8add HTTP/1.1" 400 237 "-" "PostmanRuntime/7.24.1"
::1 - - [11/Apr/2020:12:20:28 +0000] "POST /api/v1/categories HTTP/1.1" 500 553 "-" "PostmanRuntime/7.24.1"
::1 - - [11/Apr/2020:12:21:10 +0000] "POST /api/v1/categories HTTP/1.1" 500 279 "-" "PostmanRuntime/7.24.1"
::1 - - [11/Apr/2020:12:23:14 +0000] "POST /api/v1/categories HTTP/1.1" 400 296 "-" "PostmanRuntime/7.24.1"
::1 - - [11/Apr/2020:12:24:00 +0000] "POST /api/v1/categories HTTP/1.1" 400 296 "-" "PostmanRuntime/7.24.1"
::1 - - [11/Apr/2020:12:25:34 +0000] "POST /api/v1/categories HTTP/1.1" 500 391 "-" "PostmanRuntime/7.24.1"
::1 - - [11/Apr/2020:12:31:40 +0000] "POST /api/v1/categories HTTP/1.1" 500 391 "-" "PostmanRuntime/7.24.1"
::1 - - [11/Apr/2020:12:31:43 +0000] "GET /api/v1/categories HTTP/1.1" 200 717 "-" "PostmanRuntime/7.24.1"
::1 - - [11/Apr/2020:12:31:45 +0000] "GET /api/v1/categories/5e90434cd433fa11b078ed8add HTTP/1.1" 500 237 "-" "PostmanRuntime/7.24.1"
::1 - - [11/Apr/2020:12:31:48 +0000] "POST /api/v1/categories HTTP/1.1" 500 391 "-" "PostmanRuntime/7.24.1"
::1 - - [11/Apr/2020:12:31:52 +0000] "PUT /api/v1/categories/5e90434cd433fa11b078ed8a HTTP/1.1" 200 268 "-" "PostmanRuntime/7.24.1"
::1 - - [11/Apr/2020:12:31:56 +0000] "DELETE /api/v1/categories/23 HTTP/1.1" 500 189 "-" "PostmanRuntime/7.24.1"
::1 - - [12/Apr/2020:10:39:05 +0000] "GET /api/v1/categories HTTP/1.1" 200 717 "-" "PostmanRuntime/7.24.1"
::1 - - [12/Apr/2020:10:46:34 +0000] "GET /api/v1/categories HTTP/1.1" 200 717 "-" "PostmanRuntime/7.24.1"
::1 - - [12/Apr/2020:11:17:37 +0000] "GET /api/v1/categories HTTP/1.1" 200 26 "-" "PostmanRuntime/7.24.1"
::1 - - [12/Apr/2020:11:17:56 +0000] "GET /api/v1/categories HTTP/1.1" 200 717 "-" "PostmanRuntime/7.24.1"
::1 - - [12/Apr/2020:11:18:09 +0000] "DELETE /api/v1/categories/5e90478549941f52dcb01b34 HTTP/1.1" 200 258 "-" "PostmanRuntime/7.24.1"
::1 - - [12/Apr/2020:11:18:15 +0000] "GET /api/v1/categories HTTP/1.1" 200 482 "-" "PostmanRuntime/7.24.1"
::1 - - [12/Apr/2020:11:18:55 +0000] "GET /api/v1/categories HTTP/1.1" 200 717 "-" "PostmanRuntime/7.24.1"
::1 - - [13/Nov/2020:17:21:53 +0000] "GET / HTTP/1.1" 404 139 "-" "Mozilla/5.0 (X11; Linux x86_64) AppleWebKit/537.36 (KHTML, like Gecko) Chrome/86.0.4240.75 Safari/537.36"
::1 - - [13/Nov/2020:17:21:55 +0000] "GET / HTTP/1.1" 404 139 "-" "Mozilla/5.0 (X11; Linux x86_64) AppleWebKit/537.36 (KHTML, like Gecko) Chrome/86.0.4240.75 Safari/537.36"
::1 - - [13/Nov/2020:17:35:30 +0000] "GET / HTTP/1.1" 404 139 "-" "Mozilla/5.0 (X11; Linux x86_64) AppleWebKit/537.36 (KHTML, like Gecko) Chrome/86.0.4240.75 Safari/537.36"
::1 - - [13/Nov/2020:18:14:36 +0000] "POST /api/v1/product HTTP/1.1" 500 1147 "-" "PostmanRuntime/7.26.8"
::1 - - [13/Nov/2020:18:14:53 +0000] "GET /api/v1/product HTTP/1.1" 200 26 "-" "Mozilla/5.0 (X11; Linux x86_64) AppleWebKit/537.36 (KHTML, like Gecko) Chrome/86.0.4240.75 Safari/537.36"
::1 - - [13/Nov/2020:18:14:53 +0000] "GET /favicon.ico HTTP/1.1" 404 150 "http://localhost:8000/api/v1/product" "Mozilla/5.0 (X11; Linux x86_64) AppleWebKit/537.36 (KHTML, like Gecko) Chrome/86.0.4240.75 Safari/537.36"
::1 - - [13/Nov/2020:18:19:43 +0000] "POST /api/v1/product HTTP/1.1" 500 1147 "-" "PostmanRuntime/7.26.8"
::1 - - [13/Nov/2020:18:20:59 +0000] "POST /api/v1/product HTTP/1.1" 500 828 "-" "PostmanRuntime/7.26.8"
::1 - - [13/Nov/2020:18:24:23 +0000] "POST /api/v1/product HTTP/1.1" 200 320 "-" "PostmanRuntime/7.26.8"
::1 - - [13/Nov/2020:18:28:22 +0000] "PUT /api/v1/product/5faecf53d550b53453f623cd HTTP/1.1" 200 321 "-" "PostmanRuntime/7.26.8"
::1 - - [13/Nov/2020:18:28:43 +0000] "PUT /api/v1/product/5faecf53d550b53453f623cd HTTP/1.1" 200 321 "-" "PostmanRuntime/7.26.8"
::1 - - [13/Nov/2020:18:28:58 +0000] "PUT /api/v1/product/5faecf53d550b53453f623cd HTTP/1.1" 200 321 "-" "PostmanRuntime/7.26.8"
::1 - - [13/Nov/2020:18:29:12 +0000] "PUT /api/v1/product/5faecf53d550b53453f623cd HTTP/1.1" 200 321 "-" "PostmanRuntime/7.26.8"
::1 - - [13/Nov/2020:18:29:49 +0000] "GET /api/v1/product/ HTTP/1.1" 200 323 "-" "PostmanRuntime/7.26.8"
::1 - - [13/Nov/2020:18:30:34 +0000] "PUT /api/v1/product/5faecf53d550b53453f623cd HTTP/1.1" 200 321 "-" "PostmanRuntime/7.26.8"
::1 - - [13/Nov/2020:18:30:42 +0000] "GET /api/v1/product/5faecf53d550b53453f623cd HTTP/1.1" 200 321 "-" "PostmanRuntime/7.26.8"
::1 - - [13/Nov/2020:18:30:48 +0000] "GET /api/v1/product/5faecf53d550b53453f623cdvc HTTP/1.1" 500 237 "-" "PostmanRuntime/7.26.8"
::1 - - [13/Nov/2020:18:31:19 +0000] "GET /api/v1/product/5faecf53d550b53453f623cd HTTP/1.1" 200 321 "-" "PostmanRuntime/7.26.8"
::1 - - [13/Nov/2020:18:31:21 +0000] "GET /api/v1/product/5faecf53d550b53453f623cd HTTP/1.1" 200 321 "-" "PostmanRuntime/7.26.8"
::1 - - [13/Nov/2020:18:31:25 +0000] "GET /api/v1/product/ HTTP/1.1" 200 323 "-" "PostmanRuntime/7.26.8"
::1 - - [13/Nov/2020:18:46:48 +0000] "POST /api/v1/categories/5faecf53d550b53453f623cd HTTP/1.1" 404 182 "-" "PostmanRuntime/7.26.8"
::1 - - [13/Nov/2020:18:47:45 +0000] "GET /api/v1/categories/ HTTP/1.1" 200 26 "-" "PostmanRuntime/7.26.8"
::1 - - [13/Nov/2020:18:47:50 +0000] "POST /api/v1/categories/ HTTP/1.1" 500 28 "-" "PostmanRuntime/7.26.8"
::1 - - [13/Nov/2020:18:48:59 +0000] "POST /api/v1/categories/ HTTP/1.1" 500 828 "-" "PostmanRuntime/7.26.8"
::1 - - [13/Nov/2020:18:50:29 +0000] "POST /api/v1/categories/ HTTP/1.1" 500 752 "-" "PostmanRuntime/7.26.8"
::1 - - [13/Nov/2020:18:50:55 +0000] "POST /api/v1/categories/ HTTP/1.1" 200 203 "-" "PostmanRuntime/7.26.8"
::1 - - [13/Nov/2020:18:51:17 +0000] "PUT /api/v1/categories/5faed58e4978123e1da483a9 HTTP/1.1" 200 211 "-" "PostmanRuntime/7.26.8"
::1 - - [13/Nov/2020:18:51:24 +0000] "PUT /api/v1/categories/5faed58e4978123e1da483a9 HTTP/1.1" 200 203 "-" "PostmanRuntime/7.26.8"
::1 - - [13/Nov/2020:18:51:26 +0000] "PUT /api/v1/categories/5faed58e4978123e1da483a9 HTTP/1.1" 200 203 "-" "PostmanRuntime/7.26.8"
::1 - - [13/Nov/2020:18:51:46 +0000] "GET /api/v1/categories/5faed58e4978123e1da483a9 HTTP/1.1" 200 203 "-" "PostmanRuntime/7.26.8"
::1 - - [13/Nov/2020:18:51:49 +0000] "GET /api/v1/categories/ HTTP/1.1" 200 205 "-" "PostmanRuntime/7.26.8"
::1 - - [13/Nov/2020:19:37:13 +0000] "GET /api/v1/product HTTP/1.1" 200 323 "-" "Mozilla/5.0 (X11; Linux x86_64) AppleWebKit/537.36 (KHTML, like Gecko) Chrome/86.0.4240.75 Safari/537.36"
::1 - - [14/Nov/2020:01:08:00 +0000] "POST /api/v1/categories/ HTTP/1.1" 500 489 "-" "PostmanRuntime/7.26.8"
::1 - - [14/Nov/2020:01:09:28 +0000] "POST /api/v1/categories/ HTTP/1.1" 500 842 "-" "PostmanRuntime/7.26.8"
::1 - - [14/Nov/2020:01:12:58 +0000] "POST /api/v1/categories/ HTTP/1.1" 200 214 "-" "PostmanRuntime/7.26.8"
::1 - - [14/Nov/2020:03:32:11 +0000] "POST /api/v1/categories/ HTTP/1.1" 200 214 "-" "PostmanRuntime/7.26.8"
::1 - - [14/Nov/2020:03:39:28 +0000] "GET /api/v1/product/ HTTP/1.1" 200 345 "-" "PostmanRuntime/7.26.8"
::1 - - [14/Nov/2020:03:47:59 +0000] "POST /api/v1/product_options/ HTTP/1.1" 200 385 "-" "PostmanRuntime/7.26.8"
::1 - - [14/Nov/2020:03:48:50 +0000] "GET /api/v1/product/ HTTP/1.1" 200 345 "-" "PostmanRuntime/7.26.8"
::1 - - [14/Nov/2020:03:49:41 +0000] "POST /api/v1/product_options/ HTTP/1.1" 200 383 "-" "PostmanRuntime/7.26.8"
::1 - - [14/Nov/2020:03:49:46 +0000] "GET /api/v1/product_options/ HTTP/1.1" 200 747 "-" "PostmanRuntime/7.26.8"
::1 - - [14/Nov/2020:03:54:09 +0000] "GET /api/v1/product_options/5faf53685148d51df32041f6 HTTP/1.1" 200 385 "-" "PostmanRuntime/7.26.8"
::1 - - [14/Nov/2020:03:55:55 +0000] "PUT /api/v1/product_options/5faf53685148d51df32041f6 HTTP/1.1" 200 373 "-" "PostmanRuntime/7.26.8"
::1 - - [14/Nov/2020:03:55:59 +0000] "GET /api/v1/product_options/ HTTP/1.1" 200 735 "-" "PostmanRuntime/7.26.8"
::1 - - [14/Nov/2020:03:58:00 +0000] "DELETE /api/v1/product_options/5faed58e4978123e1da483a9 HTTP/1.1" 400 44 "-" "PostmanRuntime/7.26.8"
::1 - - [14/Nov/2020:04:04:57 +0000] "DELETE /api/v1/product_options/5faed58e4978123e1da483a9 HTTP/1.1" 400 44 "-" "PostmanRuntime/7.26.8"
::1 - - [14/Nov/2020:04:05:50 +0000] "DELETE /api/v1/product_options/5faed58e4978123e1da483a9 HTTP/1.1" 400 44 "-" "PostmanRuntime/7.26.8"
::1 - - [14/Nov/2020:04:06:13 +0000] "GET /api/v1/product_options/ HTTP/1.1" 200 719 "-" "PostmanRuntime/7.26.8"
::1 - - [14/Nov/2020:04:06:23 +0000] "DELETE /api/v1/product_options/5faf53d55148d51df32041f7 HTTP/1.1" 200 376 "-" "PostmanRuntime/7.26.8"
::1 - - [14/Nov/2020:04:06:31 +0000] "DELETE /api/v1/product_options/5faf53d55148d51df32041f7 HTTP/1.1" 200 375 "-" "PostmanRuntime/7.26.8"
::1 - - [14/Nov/2020:04:20:53 +0000] "GET /api/v1/product_options_data/ HTTP/1.1" 200 719 "-" "PostmanRuntime/7.26.8"
::1 - - [14/Nov/2020:04:21:57 +0000] "GET /api/v1/product_options_data/ HTTP/1.1" 200 26 "-" "PostmanRuntime/7.26.8"
::1 - - [14/Nov/2020:04:23:14 +0000] "POST /api/v1/product_options_data/ HTTP/1.1" 400 44 "-" "PostmanRuntime/7.26.8"
::1 - - [14/Nov/2020:04:23:16 +0000] "POST /api/v1/product_options_data/ HTTP/1.1" 400 44 "-" "PostmanRuntime/7.26.8"
::1 - - [14/Nov/2020:04:24:47 +0000] "POST /api/v1/product_options_data/ HTTP/1.1" 200 216 "-" "PostmanRuntime/7.26.8"
::1 - - [14/Nov/2020:04:29:36 +0000] "POST /api/v1/product_options_data/ HTTP/1.1" 200 216 "-" "PostmanRuntime/7.26.8"
::1 - - [14/Nov/2020:04:30:46 +0000] "POST /api/v1/product_options_data/ HTTP/1.1" 200 216 "-" "PostmanRuntime/7.26.8"
::1 - - [14/Nov/2020:04:32:08 +0000] "POST /api/v1/product_options_data/ HTTP/1.1" 200 216 "-" "PostmanRuntime/7.26.8"
::1 - - [14/Nov/2020:04:34:41 +0000] "POST /api/v1/product_options_data/ HTTP/1.1" 200 216 "-" "PostmanRuntime/7.26.8"
::1 - - [14/Nov/2020:04:35:23 +0000] "POST /api/v1/product_options_data/ HTTP/1.1" 200 216 "-" "PostmanRuntime/7.26.8"
::1 - - [14/Nov/2020:04:35:58 +0000] "POST /api/v1/product_options_data/ HTTP/1.1" 200 216 "-" "PostmanRuntime/7.26.8"
::1 - - [14/Nov/2020:04:36:09 +0000] "POST /api/v1/product_options_data/ HTTP/1.1" 200 217 "-" "PostmanRuntime/7.26.8"
::1 - - [14/Nov/2020:04:38:55 +0000] "POST /api/v1/product_options_data/ HTTP/1.1" 200 217 "-" "PostmanRuntime/7.26.8"
::1 - - [14/Nov/2020:04:39:26 +0000] "GET /api/v1/product_options_data/ HTTP/1.1" 200 412 "-" "PostmanRuntime/7.26.8"
::1 - - [14/Nov/2020:04:40:02 +0000] "DELETE /api/v1/product_options_data/5faf5c0c2d41575f1a45b751 HTTP/1.1" 200 216 "-" "PostmanRuntime/7.26.8"
::1 - - [14/Nov/2020:04:40:10 +0000] "DELETE /api/v1/product_options_data/5faf5c0c2d41575f1a45b751 HTTP/1.1" 200 217 "-" "PostmanRuntime/7.26.8"
::1 - - [14/Nov/2020:05:46:09 +0000] "GET /api/v1/cart/ HTTP/1.1" 200 26 "-" "PostmanRuntime/7.26.8"
::1 - - [14/Nov/2020:05:47:47 +0000] "GET /api/v1/product_options/ HTTP/1.1" 200 719 "-" "PostmanRuntime/7.26.8"
::1 - - [14/Nov/2020:05:50:20 +0000] "POST /api/v1/cart/ HTTP/1.1" 200 568 "-" "PostmanRuntime/7.26.8"
::1 - - [14/Nov/2020:07:34:38 +0000] "GET /api/v1/cart/ HTTP/1.1" 200 570 "-" "PostmanRuntime/7.26.8"
::1 - - [14/Nov/2020:07:36:27 +0000] "GET /api/v1/cart/ HTTP/1.1" 200 26 "-" "PostmanRuntime/7.26.8"
::1 - - [14/Nov/2020:07:36:28 +0000] "GET /api/v1/cart/ HTTP/1.1" 200 26 "-" "PostmanRuntime/7.26.8"
::1 - - [14/Nov/2020:07:36:37 +0000] "GET /api/v1/cart/ HTTP/1.1" 200 26 "-" "PostmanRuntime/7.26.8"
::1 - - [14/Nov/2020:07:36:39 +0000] "GET /api/v1/cart/ HTTP/1.1" 200 26 "-" "PostmanRuntime/7.26.8"
::1 - - [14/Nov/2020:07:36:40 +0000] "GET /api/v1/cart/ HTTP/1.1" 200 26 "-" "PostmanRuntime/7.26.8"
::1 - - [14/Nov/2020:07:36:40 +0000] "GET /api/v1/cart/ HTTP/1.1" 200 26 "-" "PostmanRuntime/7.26.8"
::1 - - [14/Nov/2020:07:36:41 +0000] "GET /api/v1/cart/ HTTP/1.1" 200 26 "-" "PostmanRuntime/7.26.8"
::1 - - [14/Nov/2020:07:37:03 +0000] "GET /api/v1/cart/ HTTP/1.1" 200 570 "-" "PostmanRuntime/7.26.8"
::1 - - [14/Nov/2020:07:37:40 +0000] "POST /api/v1/cart/ HTTP/1.1" 500 409 "-" "PostmanRuntime/7.26.8"
::1 - - [14/Nov/2020:07:37:42 +0000] "POST /api/v1/cart/ HTTP/1.1" 500 409 "-" "PostmanRuntime/7.26.8"
::1 - - [14/Nov/2020:07:37:48 +0000] "POST /api/v1/cart/ HTTP/1.1" 200 598 "-" "PostmanRuntime/7.26.8"
::1 - - [14/Nov/2020:07:38:14 +0000] "POST /api/v1/cart/ HTTP/1.1" 200 598 "-" "PostmanRuntime/7.26.8"
::1 - - [14/Nov/2020:07:38:54 +0000] "POST /api/v1/cart/ HTTP/1.1" 200 598 "-" "PostmanRuntime/7.26.8"
::1 - - [14/Nov/2020:07:39:11 +0000] "GET /api/v1/cart/ HTTP/1.1" 200 2295 "-" "PostmanRuntime/7.26.8"
::1 - - [14/Nov/2020:07:39:12 +0000] "GET /api/v1/cart/ HTTP/1.1" 200 2295 "-" "PostmanRuntime/7.26.8"
::1 - - [14/Nov/2020:07:40:46 +0000] "GET /api/v1/cart/ HTTP/1.1" 200 1145 "-" "PostmanRuntime/7.26.8"
::1 - - [14/Nov/2020:07:43:56 +0000] "GET /api/v1/cart/5faecf53d550b53453f623cd HTTP/1.1" 400 44 "-" "PostmanRuntime/7.26.8"
::1 - - [14/Nov/2020:07:44:12 +0000] "GET /api/v1/cart/5faf701ba59ea57988508d86 HTTP/1.1" 200 568 "-" "PostmanRuntime/7.26.8"
::1 - - [14/Nov/2020:07:44:25 +0000] "PUT /api/v1/cart/5faf701ba59ea57988508d86 HTTP/1.1" 200 568 "-" "PostmanRuntime/7.26.8"
::1 - - [14/Nov/2020:07:45:00 +0000] "GET /api/v1/cart/ HTTP/1.1" 200 2295 "-" "PostmanRuntime/7.26.8"
::1 - - [14/Nov/2020:07:46:16 +0000] "DELETE /api/v1/cart/5faf701ba59ea57988508d86 HTTP/1.1" 200 569 "-" "PostmanRuntime/7.26.8"
::1 - - [14/Nov/2020:07:46:23 +0000] "GET /api/v1/cart/ HTTP/1.1" 200 2296 "-" "PostmanRuntime/7.26.8"
::1 - - [14/Nov/2020:12:19:50 +0000] "POST /api/v1/invoice/ HTTP/1.1" 500 28 "-" "PostmanRuntime/7.26.8"
::1 - - [14/Nov/2020:12:20:47 +0000] "GET /api/v1/invoice/ HTTP/1.1" 200 26 "-" "PostmanRuntime/7.26.8"
::1 - - [14/Nov/2020:12:20:56 +0000] "GET /api/v1/invoice/ HTTP/1.1" 200 26 "-" "PostmanRuntime/7.26.8"
::1 - - [14/Nov/2020:12:29:56 +0000] "GET /api/v1/invoice/ HTTP/1.1" 200 26 "-" "PostmanRuntime/7.26.8"
::1 - - [14/Nov/2020:12:30:36 +0000] "POST /api/v1/invoice/ HTTP/1.1" 500 400 "-" "PostmanRuntime/7.26.8"
::1 - - [14/Nov/2020:12:31:13 +0000] "POST /api/v1/invoice/ HTTP/1.1" 200 195 "-" "PostmanRuntime/7.26.8"
::1 - - [14/Nov/2020:13:07:29 +0000] "POST /api/v1/invoice/ HTTP/1.1" 200 195 "-" "PostmanRuntime/7.26.8"
::1 - - [14/Nov/2020:13:08:41 +0000] "POST /api/v1/invoice/ HTTP/1.1" 200 195 "-" "PostmanRuntime/7.26.8"
::1 - - [14/Nov/2020:13:14:55 +0000] "POST /api/v1/invoice/ HTTP/1.1" 200 195 "-" "PostmanRuntime/7.26.8"
::1 - - [14/Nov/2020:13:16:09 +0000] "POST /api/v1/invoice/ HTTP/1.1" 200 195 "-" "PostmanRuntime/7.26.8"
::1 - - [14/Nov/2020:13:16:36 +0000] "POST /api/v1/invoice/ HTTP/1.1" 200 195 "-" "PostmanRuntime/7.26.8"
::1 - - [14/Nov/2020:13:24:24 +0000] "POST /api/v1/invoice/ HTTP/1.1" 200 195 "-" "PostmanRuntime/7.26.8"
::1 - - [14/Nov/2020:13:24:48 +0000] "POST /api/v1/invoice/ HTTP/1.1" 200 195 "-" "PostmanRuntime/7.26.8"
::1 - - [14/Nov/2020:13:26:23 +0000] "POST /api/v1/invoice/ HTTP/1.1" 200 195 "-" "PostmanRuntime/7.26.8"
::1 - - [14/Nov/2020:13:28:09 +0000] "POST /api/v1/invoice/ HTTP/1.1" 500 428 "-" "PostmanRuntime/7.26.8"
::1 - - [14/Nov/2020:13:28:45 +0000] "POST /api/v1/invoice/ HTTP/1.1" 200 195 "-" "PostmanRuntime/7.26.8"
::1 - - [14/Nov/2020:13:49:47 +0000] "POST /api/v1/invoice/ HTTP/1.1" 200 195 "-" "PostmanRuntime/7.26.8"
::1 - - [14/Nov/2020:13:55:19 +0000] "GET /api/v1/invoice/ HTTP/1.1" 200 197 "-" "PostmanRuntime/7.26.8"
::1 - - [14/Nov/2020:13:55:55 +0000] "GET /api/v1/invoice/ HTTP/1.1" 200 197 "-" "PostmanRuntime/7.26.8"
::1 - - [14/Nov/2020:13:58:05 +0000] "GET /api/v1/invoice/ HTTP/1.1" 200 16 "-" "PostmanRuntime/7.26.8"
::1 - - [14/Nov/2020:13:58:07 +0000] "GET /api/v1/invoice/ HTTP/1.1" 200 16 "-" "PostmanRuntime/7.26.8"
::1 - - [14/Nov/2020:13:58:08 +0000] "GET /api/v1/invoice/ HTTP/1.1" 200 16 "-" "PostmanRuntime/7.26.8"
::1 - - [14/Nov/2020:13:58:09 +0000] "GET /api/v1/invoice/ HTTP/1.1" 200 16 "-" "PostmanRuntime/7.26.8"
::1 - - [14/Nov/2020:13:58:09 +0000] "GET /api/v1/invoice/ HTTP/1.1" 200 16 "-" "PostmanRuntime/7.26.8"
::1 - - [14/Nov/2020:13:58:34 +0000] "GET /api/v1/invoice/ HTTP/1.1" 200 16 "-" "PostmanRuntime/7.26.8"
::1 - - [14/Nov/2020:13:59:00 +0000] "GET /api/v1/invoice/ HTTP/1.1" 200 16 "-" "PostmanRuntime/7.26.8"
::1 - - [14/Nov/2020:13:59:06 +0000] "GET /api/v1/invoice/ HTTP/1.1" 200 16 "-" "PostmanRuntime/7.26.8"
::1 - - [14/Nov/2020:14:15:33 +0000] "GET /api/v1/invoice/ HTTP/1.1" 200 197 "-" "PostmanRuntime/7.26.8"
::1 - - [14/Nov/2020:14:16:06 +0000] "GET /api/v1/invoice/ HTTP/1.1" 200 197 "-" "PostmanRuntime/7.26.8"
::1 - - [14/Nov/2020:14:16:24 +0000] "GET /api/v1/invoice/ HTTP/1.1" 500 28 "-" "PostmanRuntime/7.26.8"
::1 - - [14/Nov/2020:14:16:25 +0000] "GET /api/v1/invoice/ HTTP/1.1" 500 28 "-" "PostmanRuntime/7.26.8"
::1 - - [14/Nov/2020:14:16:26 +0000] "GET /api/v1/invoice/ HTTP/1.1" 500 28 "-" "PostmanRuntime/7.26.8"
::1 - - [14/Nov/2020:14:16:27 +0000] "GET /api/v1/invoice/ HTTP/1.1" 500 28 "-" "PostmanRuntime/7.26.8"
::1 - - [14/Nov/2020:14:17:35 +0000] "GET /api/v1/invoice/ HTTP/1.1" 200 197 "-" "PostmanRuntime/7.26.8"
::1 - - [14/Nov/2020:14:18:12 +0000] "GET /api/v1/invoice/ HTTP/1.1" 200 16 "-" "PostmanRuntime/7.26.8"
::1 - - [14/Nov/2020:14:18:13 +0000] "GET /api/v1/invoice/ HTTP/1.1" 200 16 "-" "PostmanRuntime/7.26.8"
::1 - - [14/Nov/2020:14:18:14 +0000] "GET /api/v1/invoice/ HTTP/1.1" 200 16 "-" "PostmanRuntime/7.26.8"
::1 - - [14/Nov/2020:14:23:17 +0000] "GET /api/v1/invoice/ HTTP/1.1" 200 16 "-" "PostmanRuntime/7.26.8"
::1 - - [14/Nov/2020:14:25:22 +0000] "GET /api/v1/invoice/ HTTP/1.1" 200 16 "-" "PostmanRuntime/7.26.8"
::1 - - [14/Nov/2020:14:26:37 +0000] "GET /api/v1/invoice/ HTTP/1.1" 200 16 "-" "PostmanRuntime/7.26.8"
::1 - - [14/Nov/2020:14:26:52 +0000] "GET /api/v1/invoice/ HTTP/1.1" 200 16 "-" "PostmanRuntime/7.26.8"
::1 - - [14/Nov/2020:14:27:09 +0000] "GET /api/v1/invoice/ HTTP/1.1" 200 16 "-" "PostmanRuntime/7.26.8"
::1 - - [14/Nov/2020:14:28:51 +0000] "GET /api/v1/invoice/ HTTP/1.1" 200 16 "-" "PostmanRuntime/7.26.8"
::1 - - [14/Nov/2020:14:29:03 +0000] "GET /api/v1/invoice/ HTTP/1.1" 200 16 "-" "PostmanRuntime/7.26.8"
::1 - - [14/Nov/2020:14:29:32 +0000] "GET /api/v1/invoice/ HTTP/1.1" 200 2323 "-" "PostmanRuntime/7.26.8"
::1 - - [14/Nov/2020:15:52:31 +0000] "POST /api/v1/invoice/ HTTP/1.1" 200 206 "-" "PostmanRuntime/7.26.8"
