::1 - - [14/Nov/2020:16:09:33 +0000] "POST /api/v1/invoice/ HTTP/1.1" 500 28 "-" "PostmanRuntime/7.26.8"
::1 - - [14/Nov/2020:16:09:58 +0000] "POST /api/v1/invoice/ HTTP/1.1" 200 206 "-" "PostmanRuntime/7.26.8"
::1 - - [14/Nov/2020:16:11:56 +0000] "POST /api/v1/invoice/ HTTP/1.1" 500 28 "-" "PostmanRuntime/7.26.8"
::1 - - [14/Nov/2020:16:11:58 +0000] "POST /api/v1/invoice/ HTTP/1.1" 500 28 "-" "PostmanRuntime/7.26.8"
::1 - - [14/Nov/2020:16:12:32 +0000] "POST /api/v1/invoice/ HTTP/1.1" 200 26 "-" "PostmanRuntime/7.26.8"
::1 - - [14/Nov/2020:16:13:54 +0000] "POST /api/v1/invoice/ HTTP/1.1" 200 26 "-" "PostmanRuntime/7.26.8"
::1 - - [14/Nov/2020:16:15:24 +0000] "POST /api/v1/invoice/ HTTP/1.1" 200 274 "-" "PostmanRuntime/7.26.8"
::1 - - [14/Nov/2020:16:17:42 +0000] "POST /api/v1/invoice/ HTTP/1.1" 200 310 "-" "PostmanRuntime/7.26.8"
::1 - - [14/Nov/2020:16:20:14 +0000] "POST /api/v1/invoice/ HTTP/1.1" 200 421 "-" "PostmanRuntime/7.26.8"
::1 - - [14/Nov/2020:16:21:48 +0000] "POST /api/v1/invoice/ HTTP/1.1" 200 6455 "-" "PostmanRuntime/7.26.8"
::1 - - [14/Nov/2020:16:24:57 +0000] "POST /api/v1/invoice/ HTTP/1.1" 200 4385 "-" "PostmanRuntime/7.26.8"
::1 - - [14/Nov/2020:16:27:08 +0000] "GET /api/v1/invoice/ HTTP/1.1" 200 4385 "-" "PostmanRuntime/7.26.8"
::1 - - [14/Nov/2020:16:32:07 +0000] "GET /api/v1/invoice/ HTTP/1.1" 200 4145 "-" "PostmanRuntime/7.26.8"
::1 - - [14/Nov/2020:16:32:41 +0000] "GET /api/v1/invoice/ HTTP/1.1" 200 3671 "-" "PostmanRuntime/7.26.8"
::1 - - [14/Nov/2020:16:35:56 +0000] "GET /api/v1/invoice/ HTTP/1.1" 200 3587 "-" "PostmanRuntime/7.26.8"
::1 - - [14/Nov/2020:16:39:41 +0000] "GET /api/v1/invoice/5fb003b9cbe57c0fb08febe5 HTTP/1.1" 500 28 "-" "PostmanRuntime/7.26.8"
::1 - - [14/Nov/2020:16:39:43 +0000] "GET /api/v1/invoice/5fb003b9cbe57c0fb08febe5 HTTP/1.1" 500 28 "-" "PostmanRuntime/7.26.8"
::1 - - [14/Nov/2020:16:40:14 +0000] "GET /api/v1/invoice/5fb003b9cbe57c0fb08febe5 HTTP/1.1" 200 1804 "-" "PostmanRuntime/7.26.8"
::1 - - [15/Nov/2020:04:46:17 +0000] "POST /api/v1/cart/5faf53685148d51df32041f6 HTTP/1.1" 500 28 "-" "PostmanRuntime/7.26.8"
::1 - - [15/Nov/2020:04:48:13 +0000] "POST /api/v1/cart/5faf53685148d51df32041f6 HTTP/1.1" 500 1364 "-" "PostmanRuntime/7.26.8"
::1 - - [15/Nov/2020:04:49:33 +0000] "POST /api/v1/cart/5faf53685148d51df32041f6 HTTP/1.1" 200 206 "-" "PostmanRuntime/7.26.8"
::1 - - [15/Nov/2020:04:50:53 +0000] "POST /api/v1/cart/5faf53685148d51df32041f6 HTTP/1.1" 200 567 "-" "PostmanRuntime/7.26.8"
::1 - - [15/Nov/2020:04:52:44 +0000] "POST /api/v1/cart/5faf53685148d51df32041f6 HTTP/1.1" 200 567 "-" "PostmanRuntime/7.26.8"
::1 - - [15/Nov/2020:04:59:06 +0000] "POST /api/v1/cart/5faf53685148d51df32041f6 HTTP/1.1" 200 567 "-" "PostmanRuntime/7.26.8"
::1 - - [15/Nov/2020:04:59:50 +0000] "POST /api/v1/cart/5faf53685148d51df32041f6 HTTP/1.1" 200 567 "-" "PostmanRuntime/7.26.8"
::1 - - [15/Nov/2020:05:00:55 +0000] "POST /api/v1/cart/5faf53685148d51df32041f6 HTTP/1.1" 200 567 "-" "PostmanRuntime/7.26.8"
::1 - - [15/Nov/2020:05:01:30 +0000] "POST /api/v1/cart/5faf53685148d51df32041f6 HTTP/1.1" 200 567 "-" "PostmanRuntime/7.26.8"
::1 - - [15/Nov/2020:05:02:13 +0000] "POST /api/v1/cart/5faf53685148d51df32041f6 HTTP/1.1" 200 567 "-" "PostmanRuntime/7.26.8"
::1 - - [15/Nov/2020:05:03:46 +0000] "POST /api/v1/cart/5faf53685148d51df32041f6 HTTP/1.1" 200 567 "-" "PostmanRuntime/7.26.8"
::1 - - [15/Nov/2020:05:05:05 +0000] "POST /api/v1/cart/5faf53685148d51df32041f6 HTTP/1.1" 200 567 "-" "PostmanRuntime/7.26.8"
::1 - - [15/Nov/2020:05:06:12 +0000] "POST /api/v1/cart/5faf53685148d51df32041f6 HTTP/1.1" 200 567 "-" "PostmanRuntime/7.26.8"
::1 - - [15/Nov/2020:05:06:46 +0000] "POST /api/v1/cart/5faf53685148d51df32041f6 HTTP/1.1" 200 567 "-" "PostmanRuntime/7.26.8"
::1 - - [15/Nov/2020:05:07:30 +0000] "POST /api/v1/cart/5faf53685148d51df32041f6 HTTP/1.1" 200 479 "-" "PostmanRuntime/7.26.8"
::1 - - [15/Nov/2020:05:08:05 +0000] "POST /api/v1/cart/5faf53685148d51df32041f6 HTTP/1.1" 500 675 "-" "PostmanRuntime/7.26.8"
::1 - - [15/Nov/2020:05:10:19 +0000] "POST /api/v1/cart/ HTTP/1.1" 200 598 "-" "PostmanRuntime/7.26.8"
::1 - - [15/Nov/2020:05:10:46 +0000] "POST /api/v1/cart/5faf53685148d51df32041f6 HTTP/1.1" 400 44 "-" "PostmanRuntime/7.26.8"
::1 - - [15/Nov/2020:05:11:38 +0000] "POST /api/v1/cart/5faecf53d550b53453f623cd HTTP/1.1" 500 415 "-" "PostmanRuntime/7.26.8"
::1 - - [15/Nov/2020:05:12:16 +0000] "POST /api/v1/cart/5faecf53d550b53453f623cd HTTP/1.1" 200 513 "-" "PostmanRuntime/7.26.8"
::1 - - [15/Nov/2020:05:13:21 +0000] "POST /api/v1/cart/5faecf53d550b53453f623cd HTTP/1.1" 200 513 "-" "PostmanRuntime/7.26.8"
::1 - - [15/Nov/2020:05:16:13 +0000] "POST /api/v1/cart/5faecf53d550b53453f623cd HTTP/1.1" 200 513 "-" "PostmanRuntime/7.26.8"
::1 - - [15/Nov/2020:05:34:38 +0000] "POST /api/v1/cart/5faecf53d550b53453f623cd HTTP/1.1" 200 513 "-" "PostmanRuntime/7.26.8"
::1 - - [15/Nov/2020:05:35:55 +0000] "GET /api/v1/invoice/5fb0bdea8a64e13f3bbffd69 HTTP/1.1" 200 738 "-" "PostmanRuntime/7.26.8"
::1 - - [15/Nov/2020:05:38:46 +0000] "GET /api/v1/invoice/5fb0bdea8a64e13f3bbffd69 HTTP/1.1" 400 44 "-" "PostmanRuntime/7.26.8"
::1 - - [15/Nov/2020:05:39:01 +0000] "POST /api/v1/invoice/ HTTP/1.1" 500 1364 "-" "PostmanRuntime/7.26.8"
::1 - - [15/Nov/2020:05:39:19 +0000] "POST /api/v1/cart/5faecf53d550b53453f623cd HTTP/1.1" 500 264 "-" "PostmanRuntime/7.26.8"
::1 - - [15/Nov/2020:05:42:48 +0000] "POST /api/v1/cart/5faecf53d550b53453f623cd HTTP/1.1" 500 264 "-" "PostmanRuntime/7.26.8"
::1 - - [15/Nov/2020:05:45:43 +0000] "POST /api/v1/cart/5faecf53d550b53453f623cd HTTP/1.1" 200 513 "-" "PostmanRuntime/7.26.8"
::1 - - [15/Nov/2020:05:47:21 +0000] "GET /api/v1/invoice/ HTTP/1.1" 200 2353 "-" "PostmanRuntime/7.26.8"
::1 - - [15/Nov/2020:06:07:36 +0000] "GET /api/v1/invoice/5fb0bdea8a64e13f3bbffd69 HTTP/1.1" 400 44 "-" "PostmanRuntime/7.26.8"
::1 - - [15/Nov/2020:06:07:39 +0000] "GET /api/v1/invoice/ HTTP/1.1" 200 2353 "-" "PostmanRuntime/7.26.8"
::1 - - [15/Nov/2020:06:08:07 +0000] "GET /api/v1/invoice/5faecf53d550b53453f623cd HTTP/1.1" 400 44 "-" "PostmanRuntime/7.26.8"
::1 - - [15/Nov/2020:06:08:09 +0000] "GET /api/v1/invoice/5faecf53d550b53453f623cd HTTP/1.1" 400 44 "-" "PostmanRuntime/7.26.8"
::1 - - [15/Nov/2020:06:08:42 +0000] "GET /api/v1/invoice/5fb0bf043e3c504392b61473 HTTP/1.1" 200 738 "-" "PostmanRuntime/7.26.8"
::1 - - [15/Nov/2020:06:09:25 +0000] "GET /api/v1/cart/ HTTP/1.1" 200 601 "-" "PostmanRuntime/7.26.8"
::1 - - [15/Nov/2020:06:50:03 +0000] "POST /api/v1/user/ HTTP/1.1" 200 279 "-" "PostmanRuntime/7.26.8"
::1 - - [15/Nov/2020:06:51:00 +0000] "GET /api/v1/user/5fb0cf885fb7246467425b78 HTTP/1.1" 200 279 "-" "PostmanRuntime/7.26.8"
::1 - - [18/Nov/2020:10:50:47 +0000] "GET /api/v1/user/ HTTP/1.1" 200 281 "-" "PostmanRuntime/7.26.8"
